<?xml version="1.0" encoding="UTF-8"?>
<!-- Generated by org.testng.reporters.JUnitReportReporter -->
<testsuite skipped="0" hostname="IN-00253720" name="TestCases.TestCase1" tests="1" failures="0" timestamp="2021-08-12T23:07:27 IST" time="40.676" errors="0">
  <testcase name="validate_Login" time="40.676" classname="TestCases.TestCase1"/>
  <system-out/>
</testsuite> <!-- TestCases.TestCase1 -->
