<?xml version="1.0" encoding="UTF-8"?>
<!-- Generated by org.testng.reporters.JUnitReportReporter -->
<testsuite hostname="IN-00253720" failures="0" tests="1" name="TestCase1" time="20.893" errors="0" timestamp="2021-08-12T22:45:43 IST" skipped="0">
  <testcase classname="TestCase1" name="validate_Login" time="20.893"/>
  <system-out/>
</testsuite> <!-- TestCase1 -->
